# Generated by the VisualDSP++ IDDE (Sun Mar 09 21:33:50 2008)
# Project File: D:\students\01-02-08\VDSP_projects\After_tree_decode\Without_fileIO\With_PP_read\With_PP_read.dpj

"C:\Program Files\Analog Devices\VisualDSP 5.0\cc21k.exe" -c .\audio_decode.c -file-attr ProjectName=With_PP_read -O -Ov100 -ipa -g -no-annotate -structs-do-not-overlap -no-multiline -double-size-32 -warn-protos -si-revision 0.5 -proc ADSP-21364 -o .\Debug\audio_decode.doj -MM
"C:\Program Files\Analog Devices\VisualDSP 5.0\cc21k.exe" -c .\bitwise.c -file-attr ProjectName=With_PP_read -O -Ov100 -ipa -g -no-annotate -structs-do-not-overlap -no-multiline -double-size-32 -warn-protos -si-revision 0.5 -proc ADSP-21364 -o .\Debug\bitwise.doj -MM
"C:\Program Files\Analog Devices\VisualDSP 5.0\cc21k.exe" -c .\byte_op.c -file-attr ProjectName=With_PP_read -O -Ov100 -ipa -g -no-annotate -structs-do-not-overlap -no-multiline -double-size-32 -warn-protos -si-revision 0.5 -proc ADSP-21364 -o .\Debug\byte_op.doj -MM
"C:\Program Files\Analog Devices\VisualDSP 5.0\cc21k.exe" -c .\header_decode.c -file-attr ProjectName=With_PP_read -O -Ov100 -ipa -g -no-annotate -structs-do-not-overlap -no-multiline -double-size-32 -warn-protos -si-revision 0.5 -proc ADSP-21364 -o .\Debug\header_decode.doj -MM
"C:\Program Files\Analog Devices\VisualDSP 5.0\cc21k.exe" -c .\helpers.c -file-attr ProjectName=With_PP_read -O -Ov100 -ipa -g -no-annotate -structs-do-not-overlap -no-multiline -double-size-32 -warn-protos -si-revision 0.5 -proc ADSP-21364 -o .\Debug\helpers.doj -MM
"C:\Program Files\Analog Devices\VisualDSP 5.0\cc21k.exe" -c .\Init1835viaSPI.c -file-attr ProjectName=With_PP_read -O -Ov100 -ipa -g -no-annotate -structs-do-not-overlap -no-multiline -double-size-32 -warn-protos -si-revision 0.5 -proc ADSP-21364 -o .\Debug\Init1835viaSPI.doj -MM
"C:\Program Files\Analog Devices\VisualDSP 5.0\cc21k.exe" -c .\main.c -file-attr ProjectName=With_PP_read -O -Ov100 -ipa -g -no-annotate -structs-do-not-overlap -no-multiline -double-size-32 -warn-protos -si-revision 0.5 -proc ADSP-21364 -o .\Debug\main.doj -MM
"C:\Program Files\Analog Devices\VisualDSP 5.0\cc21k.exe" -c .\mdct.c -file-attr ProjectName=With_PP_read -O -Ov100 -ipa -g -no-annotate -structs-do-not-overlap -no-multiline -double-size-32 -warn-protos -si-revision 0.5 -proc ADSP-21364 -o .\Debug\mdct.doj -MM
"C:\Program Files\Analog Devices\VisualDSP 5.0\cc21k.exe" -c .\ogg.c -file-attr ProjectName=With_PP_read -O -Ov100 -ipa -g -no-annotate -structs-do-not-overlap -no-multiline -double-size-32 -warn-protos -si-revision 0.5 -proc ADSP-21364 -o .\Debug\ogg.doj -MM
"C:\Program Files\Analog Devices\VisualDSP 5.0\cc21k.exe" -c .\parallelportread.c -file-attr ProjectName=With_PP_read -O -Ov100 -ipa -g -no-annotate -structs-do-not-overlap -no-multiline -double-size-32 -warn-protos -si-revision 0.5 -proc ADSP-21364 -o .\Debug\parallelportread.doj -MM
"C:\Program Files\Analog Devices\VisualDSP 5.0\cc21k.exe" -c .\SPORT.c -file-attr ProjectName=With_PP_read -O -Ov100 -ipa -g -no-annotate -structs-do-not-overlap -no-multiline -double-size-32 -warn-protos -si-revision 0.5 -proc ADSP-21364 -o .\Debug\SPORT.doj -MM
"C:\Program Files\Analog Devices\VisualDSP 5.0\cc21k.exe" -c .\window.c -file-attr ProjectName=With_PP_read -O -Ov100 -ipa -g -no-annotate -structs-do-not-overlap -no-multiline -double-size-32 -warn-protos -si-revision 0.5 -proc ADSP-21364 -o .\Debug\window.doj -MM
"C:\Program Files\Analog Devices\VisualDSP 5.0\cc21k.exe" -c .\InitPLL.c -file-attr ProjectName=With_PP_read -O -Ov100 -ipa -g -no-annotate -structs-do-not-overlap -no-multiline -double-size-32 -warn-protos -si-revision 0.5 -proc ADSP-21364 -o .\Debug\InitPLL.doj -MM
".\InitPLL.c", line 19: cc0020:  error: identifier "PLLD3" is undefined
  pmctlsetting |= PLLM10 | PLLD3 | DIVEN ;
                           ^

1 error detected in the compilation of ".\InitPLL.c".
cc3089: fatal error: Compilation failed
Tool failed with exit/exception code: 1.
